-- The C compiler identification is GNU 11.4.0
-- The CXX compiler identification is GNU 11.4.0
-- The CUDA compiler identification is NVIDIA 12.6.85 with host compiler GNU 11.4.0
-- Detecting C compiler ABI info
-- Detecting C compiler ABI info - done
-- Check for working C compiler: /usr/bin/cc - skipped
-- Detecting C compile features
-- Detecting C compile features - done
-- Detecting CXX compiler ABI info
-- Detecting CXX compiler ABI info - done
-- Check for working CXX compiler: /usr/bin/c++ - skipped
-- Detecting CXX compile features
-- Detecting CXX compile features - done
-- Detecting CUDA compiler ABI info
-- Detecting CUDA compiler ABI info - done
-- Check for working CUDA compiler: /usr/local/cuda/bin/nvcc - skipped
-- Detecting CUDA compile features
-- Detecting CUDA compile features - done
-- Building with 14 out of 16 available cores
-- Found OpenCV: /usr (found version "4.5.4") found components: core imgcodecs imgproc
-- Found Boost: /usr/lib/x86_64-linux-gnu/cmake/Boost-1.74.0/BoostConfig.cmake (found version "1.74.0")
-- Found ament_cmake: 1.3.11 (/opt/ros/humble/share/ament_cmake/cmake)
-- Found Python3: /usr/bin/python3 (found version "3.10.12") found components: Interpreter
-- Found CUDA: /usr/local/cuda (found version "12.6") 
-- Caffe2: CUDA detected: 12.6
-- Caffe2: CUDA nvcc is: /usr/local/cuda/bin/nvcc
-- Caffe2: CUDA toolkit directory: /usr/local/cuda
-- Caffe2: Header version is: 12.6
-- USE_CUDNN is set to 0. Compiling without cuDNN support
-- Autodetected CUDA architecture(s):  8.6
-- Added CUDA NVCC flags for: -gencode;arch=compute_86,code=sm_86
-- Found Torch: /home/xiaoang/MyLab/GSFusion_ROS2_ws/src/HPGS_ROS2/third_party/libtorch/lib/libtorch.so  
-- Found CUDAToolkit: /usr/local/cuda/targets/x86_64-linux/include (found version "12.6.85")
-- Performing Test CMAKE_HAVE_LIBC_PTHREAD
-- Performing Test CMAKE_HAVE_LIBC_PTHREAD - Success
-- Found Threads: TRUE
-- Found PythonLibs: /usr/lib/x86_64-linux-gnu/libpython3.10.so (found version "3.10.12")
-- CMAKE_BUILD_TYPE set to Release.
-- Found OpenCV: /usr (found version "4.5.4") found components: highgui imgproc core features2d
-- Configuring incomplete, errors occurred!
