[0.083s] DEBUG:colcon:Command line arguments: ['/usr/bin/colcon', 'build', '--packages-select', 'HPGS']
[0.083s] DEBUG:colcon:Parsed command line arguments: Namespace(log_base=None, log_level=None, verb_name='build', build_base='build', install_base='install', merge_install=False, symlink_install=False, test_result_base=None, continue_on_error=False, executor='parallel', parallel_workers=16, event_handlers=None, ignore_user_meta=False, metas=['./colcon.meta'], base_paths=['.'], packages_ignore=None, packages_ignore_regex=None, paths=None, packages_up_to=None, packages_up_to_regex=None, packages_above=None, packages_above_and_dependencies=None, packages_above_depth=None, packages_select_by_dep=None, packages_skip_by_dep=None, packages_skip_up_to=None, packages_select_build_failed=False, packages_skip_build_finished=False, packages_select_test_failures=False, packages_skip_test_passed=False, packages_select=['HPGS'], packages_skip=None, packages_select_regex=None, packages_skip_regex=None, packages_start=None, packages_end=None, allow_overriding=[], cmake_args=None, cmake_target=None, cmake_target_skip_unavailable=False, cmake_clean_cache=False, cmake_clean_first=False, cmake_force_configure=False, ament_cmake_args=None, catkin_cmake_args=None, catkin_skip_building_tests=False, mixin_files=None, mixin=None, verb_parser=<colcon_mixin.mixin.mixin_argument.MixinArgumentDecorator object at 0x7c2073d0f0a0>, verb_extension=<colcon_core.verb.build.BuildVerb object at 0x7c2073d0eb60>, main=<bound method BuildVerb.main of <colcon_core.verb.build.BuildVerb object at 0x7c2073d0eb60>>, mixin_verb=('build',))
[0.235s] Level 1:colcon.colcon_core.package_discovery:discover_packages(colcon_meta) check parameters
[0.235s] Level 1:colcon.colcon_core.package_discovery:discover_packages(recursive) check parameters
[0.235s] Level 1:colcon.colcon_core.package_discovery:discover_packages(ignore) check parameters
[0.235s] Level 1:colcon.colcon_core.package_discovery:discover_packages(path) check parameters
[0.235s] Level 1:colcon.colcon_core.package_discovery:discover_packages(colcon_meta) discover
[0.236s] Level 1:colcon.colcon_core.package_discovery:discover_packages(recursive) discover
[0.236s] INFO:colcon.colcon_core.package_discovery:Crawling recursively for packages in '/home/xiaoang/MyLab/GSFusion_ROS2_ws/src/HPGS_ROS2'
[0.236s] Level 1:colcon.colcon_core.package_identification:_identify(.) by extensions ['ignore', 'ignore_ament_install']
[0.236s] Level 1:colcon.colcon_core.package_identification:_identify(.) by extension 'ignore'
[0.236s] Level 1:colcon.colcon_core.package_identification:_identify(.) by extension 'ignore_ament_install'
[0.236s] Level 1:colcon.colcon_core.package_identification:_identify(.) by extensions ['colcon_pkg']
[0.236s] Level 1:colcon.colcon_core.package_identification:_identify(.) by extension 'colcon_pkg'
[0.236s] Level 1:colcon.colcon_core.package_identification:_identify(.) by extensions ['colcon_meta']
[0.236s] Level 1:colcon.colcon_core.package_identification:_identify(.) by extension 'colcon_meta'
[0.236s] Level 1:colcon.colcon_core.package_identification:_identify(.) by extensions ['ros']
[0.236s] Level 1:colcon.colcon_core.package_identification:_identify(.) by extension 'ros'
[0.256s] DEBUG:colcon.colcon_core.package_identification:Package '.' with type 'ros.ament_cmake' and name 'HPGS'
[0.256s] Level 1:colcon.colcon_core.package_discovery:discover_packages(recursive) using defaults
[0.256s] Level 1:colcon.colcon_core.package_discovery:discover_packages(ignore) discover
[0.256s] Level 1:colcon.colcon_core.package_discovery:discover_packages(ignore) using defaults
[0.256s] Level 1:colcon.colcon_core.package_discovery:discover_packages(path) discover
[0.256s] Level 1:colcon.colcon_core.package_discovery:discover_packages(path) using defaults
[0.271s] Level 1:colcon.colcon_core.package_discovery:discover_packages(prefix_path) check parameters
[0.271s] Level 1:colcon.colcon_core.package_discovery:discover_packages(prefix_path) discover
[0.273s] DEBUG:colcon.colcon_installed_package_information.package_discovery:Found 290 installed packages in /opt/ros/humble
[0.274s] Level 1:colcon.colcon_core.package_discovery:discover_packages(prefix_path) using defaults
[0.302s] Level 5:colcon.colcon_core.verb:set package 'HPGS' build argument 'cmake_args' from command line to 'None'
[0.302s] Level 5:colcon.colcon_core.verb:set package 'HPGS' build argument 'cmake_target' from command line to 'None'
[0.302s] Level 5:colcon.colcon_core.verb:set package 'HPGS' build argument 'cmake_target_skip_unavailable' from command line to 'False'
[0.302s] Level 5:colcon.colcon_core.verb:set package 'HPGS' build argument 'cmake_clean_cache' from command line to 'False'
[0.302s] Level 5:colcon.colcon_core.verb:set package 'HPGS' build argument 'cmake_clean_first' from command line to 'False'
[0.302s] Level 5:colcon.colcon_core.verb:set package 'HPGS' build argument 'cmake_force_configure' from command line to 'False'
[0.302s] Level 5:colcon.colcon_core.verb:set package 'HPGS' build argument 'ament_cmake_args' from command line to 'None'
[0.302s] Level 5:colcon.colcon_core.verb:set package 'HPGS' build argument 'catkin_cmake_args' from command line to 'None'
[0.302s] Level 5:colcon.colcon_core.verb:set package 'HPGS' build argument 'catkin_skip_building_tests' from command line to 'False'
[0.302s] DEBUG:colcon.colcon_core.verb:Building package 'HPGS' with the following arguments: {'ament_cmake_args': None, 'build_base': '/home/xiaoang/MyLab/GSFusion_ROS2_ws/src/HPGS_ROS2/build/HPGS', 'catkin_cmake_args': None, 'catkin_skip_building_tests': False, 'cmake_args': None, 'cmake_clean_cache': False, 'cmake_clean_first': False, 'cmake_force_configure': False, 'cmake_target': None, 'cmake_target_skip_unavailable': False, 'install_base': '/home/xiaoang/MyLab/GSFusion_ROS2_ws/src/HPGS_ROS2/install/HPGS', 'merge_install': False, 'path': '/home/xiaoang/MyLab/GSFusion_ROS2_ws/src/HPGS_ROS2', 'symlink_install': False, 'test_result_base': None}
[0.302s] INFO:colcon.colcon_core.executor:Executing jobs using 'parallel' executor
[0.303s] DEBUG:colcon.colcon_parallel_executor.executor.parallel:run_until_complete
[0.303s] INFO:colcon.colcon_ros.task.ament_cmake.build:Building ROS package in '/home/xiaoang/MyLab/GSFusion_ROS2_ws/src/HPGS_ROS2' with build type 'ament_cmake'
[0.304s] INFO:colcon.colcon_cmake.task.cmake.build:Building CMake package in '/home/xiaoang/MyLab/GSFusion_ROS2_ws/src/HPGS_ROS2'
[0.305s] INFO:colcon.colcon_core.plugin_system:Skipping extension 'colcon_core.shell.bat': Not used on non-Windows systems
[0.305s] INFO:colcon.colcon_core.shell:Skip shell extension 'powershell' for command environment: Not usable outside of PowerShell
[0.305s] DEBUG:colcon.colcon_core.shell:Skip shell extension 'dsv' for command environment
[0.312s] DEBUG:colcon.colcon_core.event_handler.log_command:Invoking command in '/home/xiaoang/MyLab/GSFusion_ROS2_ws/src/HPGS_ROS2/build/HPGS': CMAKE_PREFIX_PATH=/opt/ros/humble /usr/bin/cmake /home/xiaoang/MyLab/GSFusion_ROS2_ws/src/HPGS_ROS2 -DCMAKE_INSTALL_PREFIX=/home/xiaoang/MyLab/GSFusion_ROS2_ws/src/HPGS_ROS2/install/HPGS
[4.163s] DEBUG:colcon.colcon_core.event_handler.log_command:Invoked command in '/home/xiaoang/MyLab/GSFusion_ROS2_ws/src/HPGS_ROS2/build/HPGS' returned '1': CMAKE_PREFIX_PATH=/opt/ros/humble /usr/bin/cmake /home/xiaoang/MyLab/GSFusion_ROS2_ws/src/HPGS_ROS2 -DCMAKE_INSTALL_PREFIX=/home/xiaoang/MyLab/GSFusion_ROS2_ws/src/HPGS_ROS2/install/HPGS
[4.170s] Level 1:colcon.colcon_core.environment:create_environment_scripts_only(HPGS)
[4.171s] Level 1:colcon.colcon_core.environment:checking '/home/xiaoang/MyLab/GSFusion_ROS2_ws/src/HPGS_ROS2/install/HPGS' for CMake module files
[4.172s] Level 1:colcon.colcon_core.environment:checking '/home/xiaoang/MyLab/GSFusion_ROS2_ws/src/HPGS_ROS2/install/HPGS' for CMake config files
[4.172s] Level 1:colcon.colcon_core.environment:checking '/home/xiaoang/MyLab/GSFusion_ROS2_ws/src/HPGS_ROS2/install/HPGS/bin'
[4.172s] Level 1:colcon.colcon_core.environment:checking '/home/xiaoang/MyLab/GSFusion_ROS2_ws/src/HPGS_ROS2/install/HPGS/lib/pkgconfig/HPGS.pc'
[4.172s] Level 1:colcon.colcon_core.environment:checking '/home/xiaoang/MyLab/GSFusion_ROS2_ws/src/HPGS_ROS2/install/HPGS/lib/python3.10/site-packages'
[4.172s] Level 1:colcon.colcon_core.environment:checking '/home/xiaoang/MyLab/GSFusion_ROS2_ws/src/HPGS_ROS2/install/HPGS/bin'
[4.172s] INFO:colcon.colcon_core.shell:Creating package script '/home/xiaoang/MyLab/GSFusion_ROS2_ws/src/HPGS_ROS2/install/HPGS/share/HPGS/package.ps1'
[4.173s] INFO:colcon.colcon_core.shell:Creating package descriptor '/home/xiaoang/MyLab/GSFusion_ROS2_ws/src/HPGS_ROS2/install/HPGS/share/HPGS/package.dsv'
[4.173s] INFO:colcon.colcon_core.shell:Creating package script '/home/xiaoang/MyLab/GSFusion_ROS2_ws/src/HPGS_ROS2/install/HPGS/share/HPGS/package.sh'
[4.174s] INFO:colcon.colcon_core.shell:Creating package script '/home/xiaoang/MyLab/GSFusion_ROS2_ws/src/HPGS_ROS2/install/HPGS/share/HPGS/package.bash'
[4.174s] INFO:colcon.colcon_core.shell:Creating package script '/home/xiaoang/MyLab/GSFusion_ROS2_ws/src/HPGS_ROS2/install/HPGS/share/HPGS/package.zsh'
[4.175s] Level 1:colcon.colcon_core.environment:create_file_with_runtime_dependencies(/home/xiaoang/MyLab/GSFusion_ROS2_ws/src/HPGS_ROS2/install/HPGS/share/colcon-core/packages/HPGS)
[4.185s] DEBUG:colcon.colcon_parallel_executor.executor.parallel:closing loop
[4.185s] DEBUG:colcon.colcon_parallel_executor.executor.parallel:loop closed
[4.185s] DEBUG:colcon.colcon_parallel_executor.executor.parallel:run_until_complete finished with '1'
[4.185s] DEBUG:colcon.colcon_core.event_reactor:joining thread
[4.190s] INFO:colcon.colcon_core.plugin_system:Skipping extension 'colcon_notification.desktop_notification.terminal_notifier': Not used on non-Darwin systems
[4.190s] INFO:colcon.colcon_core.plugin_system:Skipping extension 'colcon_notification.desktop_notification.win32': Not used on non-Windows systems
[4.190s] INFO:colcon.colcon_notification.desktop_notification:Sending desktop notification using 'notify2'
[4.200s] DEBUG:colcon.colcon_core.event_reactor:joined thread
[4.200s] INFO:colcon.colcon_core.shell:Creating prefix script '/home/xiaoang/MyLab/GSFusion_ROS2_ws/src/HPGS_ROS2/install/local_setup.ps1'
[4.201s] INFO:colcon.colcon_core.shell:Creating prefix util module '/home/xiaoang/MyLab/GSFusion_ROS2_ws/src/HPGS_ROS2/install/_local_setup_util_ps1.py'
[4.202s] INFO:colcon.colcon_core.shell:Creating prefix chain script '/home/xiaoang/MyLab/GSFusion_ROS2_ws/src/HPGS_ROS2/install/setup.ps1'
[4.203s] INFO:colcon.colcon_core.shell:Creating prefix script '/home/xiaoang/MyLab/GSFusion_ROS2_ws/src/HPGS_ROS2/install/local_setup.sh'
[4.203s] INFO:colcon.colcon_core.shell:Creating prefix util module '/home/xiaoang/MyLab/GSFusion_ROS2_ws/src/HPGS_ROS2/install/_local_setup_util_sh.py'
[4.203s] INFO:colcon.colcon_core.shell:Creating prefix chain script '/home/xiaoang/MyLab/GSFusion_ROS2_ws/src/HPGS_ROS2/install/setup.sh'
[4.204s] INFO:colcon.colcon_core.shell:Creating prefix script '/home/xiaoang/MyLab/GSFusion_ROS2_ws/src/HPGS_ROS2/install/local_setup.bash'
[4.204s] INFO:colcon.colcon_core.shell:Creating prefix chain script '/home/xiaoang/MyLab/GSFusion_ROS2_ws/src/HPGS_ROS2/install/setup.bash'
[4.205s] INFO:colcon.colcon_core.shell:Creating prefix script '/home/xiaoang/MyLab/GSFusion_ROS2_ws/src/HPGS_ROS2/install/local_setup.zsh'
[4.206s] INFO:colcon.colcon_core.shell:Creating prefix chain script '/home/xiaoang/MyLab/GSFusion_ROS2_ws/src/HPGS_ROS2/install/setup.zsh'
